<?xml version="1.0" encoding="UTF-8"?>
<!-- Generated by org.testng.reporters.JUnitReportReporter -->
<testsuite skipped="0" hostname="MANISH-PC" name="com.google.restAPI.QA_Automation_REST_Assured_POST" tests="1" failures="0" timestamp="12 Feb 2020 10:55:07 GMT" time="3.801" errors="0">
  <testcase name="testPOSTRequestOfGoogleAPIAddDeleteRequest" time="3.801" classname="com.google.restAPI.QA_Automation_REST_Assured_POST"/>
</testsuite> <!-- com.google.restAPI.QA_Automation_REST_Assured_POST -->
