<?xml version="1.0" encoding="UTF-8"?>
<!-- Generated by org.testng.reporters.JUnitReportReporter -->
<testsuite skipped="0" hostname="MANISH-PC" name="com.google.restAPI.QA_Automation_REST_Assured" tests="1" failures="0" timestamp="11 Feb 2020 04:30:36 GMT" time="4.986" errors="0">
  <testcase name="testAPI" time="4.986" classname="com.google.restAPI.QA_Automation_REST_Assured"/>
</testsuite> <!-- com.google.restAPI.QA_Automation_REST_Assured -->
