<?xml version="1.0" encoding="UTF-8"?>
<!-- Generated by org.testng.reporters.JUnitReportReporter -->
<testsuite skipped="0" hostname="MANISH-PC" name="com.google.restAPI.QA_Automation_REST_Assured_GET" tests="1" failures="0" timestamp="12 Feb 2020 19:34:50 GMT" time="10.183" errors="0">
  <testcase name="testGETRequestOfGoogleAPI" time="10.183" classname="com.google.restAPI.QA_Automation_REST_Assured_GET"/>
</testsuite> <!-- com.google.restAPI.QA_Automation_REST_Assured_GET -->
