<?xml version="1.0" encoding="UTF-8"?>
<!-- Generated by org.testng.reporters.JUnitReportReporter -->
<testsuite skipped="0" hostname="MANISH-PC" name="com.google.restAPI.QA_AddBooks_POST" tests="1" failures="0" timestamp="17 Feb 2020 13:55:47 GMT" time="3.412" errors="0">
  <testcase name="testPOSTRequestOfGoogleAPIAddDeleteRequest" time="3.412" classname="com.google.restAPI.QA_AddBooks_POST"/>
</testsuite> <!-- com.google.restAPI.QA_AddBooks_POST -->
