<?xml version="1.0" encoding="UTF-8"?>
<!-- Generated by org.testng.reporters.JUnitReportReporter -->
<testsuite skipped="0" hostname="MANISH-PC" name="com.google.restAPI.QA_AddBooks_POST_DynamicJson" tests="3" failures="0" timestamp="17 Feb 2020 17:51:54 GMT" time="5.739" errors="0">
  <testcase name="testAddBookPOSTDeleteBookAPI" time="4.030" classname="com.google.restAPI.QA_AddBooks_POST_DynamicJson"/>
  <testcase name="testAddBookPOSTDeleteBookAPI" time="0.325" classname="com.google.restAPI.QA_AddBooks_POST_DynamicJson"/>
  <testcase name="testAddBookPOSTDeleteBookAPI" time="1.384" classname="com.google.restAPI.QA_AddBooks_POST_DynamicJson"/>
</testsuite> <!-- com.google.restAPI.QA_AddBooks_POST_DynamicJson -->
